2026-05-16 09:57:40,942 | INFO | [INFO] Starting ingestion process...
2026-05-16 09:57:40,943 | INFO | [INFO] Total CSV files found -> 6
2026-05-16 09:57:40,943 | INFO | [INFO] File 1/6
2026-05-16 09:57:40,944 | INFO | [INFO] Current File -> begin_inventory.csv
2026-05-16 09:57:40,944 | INFO | [INFO] File Size -> 0.02 GB
2026-05-16 09:57:40,944 | INFO | [INFO] Chunk processing started for begin_inventory
2026-05-16 09:57:41,134 | INFO | [INFO] Processing Chunk 1
2026-05-16 09:57:41,134 | INFO | [INFO] Chunk Rows -> 100000
2026-05-16 09:57:42,137 | INFO | [SUCCESS] Chunk 1 inserted successfully
2026-05-16 09:57:42,296 | INFO | [INFO] Processing Chunk 2
2026-05-16 09:57:42,296 | INFO | [INFO] Chunk Rows -> 100000
2026-05-16 09:57:43,144 | INFO | [SUCCESS] Chunk 2 inserted successfully
2026-05-16 09:57:43,170 | INFO | [INFO] Processing Chunk 3
2026-05-16 09:57:43,171 | INFO | [INFO] Chunk Rows -> 6529
2026-05-16 09:57:43,228 | INFO | [SUCCESS] Chunk 3 inserted successfully
2026-05-16 09:57:43,229 | INFO | [SUCCESS] begin_inventory ingestion completed
2026-05-16 09:57:43,229 | INFO | [INFO] Total Rows Processed -> 206529
2026-05-16 09:57:43,229 | INFO | [INFO] Total Chunks -> 3
2026-05-16 09:57:43,230 | INFO | [INFO] Time Taken -> 0.04 minutes
2026-05-16 09:57:43,230 | INFO | [INFO] File 2/6
2026-05-16 09:57:43,231 | INFO | [INFO] Current File -> end_inventory.csv
2026-05-16 09:57:43,231 | INFO | [INFO] File Size -> 0.02 GB
2026-05-16 09:57:43,232 | INFO | [INFO] Chunk processing started for end_inventory
2026-05-16 09:57:43,388 | INFO | [INFO] Processing Chunk 1
2026-05-16 09:57:43,388 | INFO | [INFO] Chunk Rows -> 100000
2026-05-16 09:57:44,198 | INFO | [SUCCESS] Chunk 1 inserted successfully
2026-05-16 09:57:44,341 | INFO | [INFO] Processing Chunk 2
2026-05-16 09:57:44,341 | INFO | [INFO] Chunk Rows -> 100000
2026-05-16 09:57:45,136 | INFO | [SUCCESS] Chunk 2 inserted successfully
2026-05-16 09:57:45,183 | INFO | [INFO] Processing Chunk 3
2026-05-16 09:57:45,183 | INFO | [INFO] Chunk Rows -> 24489
2026-05-16 09:57:45,368 | INFO | [SUCCESS] Chunk 3 inserted successfully
2026-05-16 09:57:45,369 | INFO | [SUCCESS] end_inventory ingestion completed
2026-05-16 09:57:45,369 | INFO | [INFO] Total Rows Processed -> 224489
2026-05-16 09:57:45,369 | INFO | [INFO] Total Chunks -> 3
2026-05-16 09:57:45,370 | INFO | [INFO] Time Taken -> 0.04 minutes
2026-05-16 09:57:45,371 | INFO | [INFO] File 3/6
2026-05-16 09:57:45,371 | INFO | [INFO] Current File -> purchases.csv
2026-05-16 09:57:45,372 | INFO | [INFO] File Size -> 0.34 GB
2026-05-16 09:57:45,372 | INFO | [INFO] Chunk processing started for purchases
2026-05-16 09:57:45,601 | INFO | [INFO] Processing Chunk 1
2026-05-16 09:57:45,601 | INFO | [INFO] Chunk Rows -> 100000
2026-05-16 09:57:46,938 | INFO | [SUCCESS] Chunk 1 inserted successfully
2026-05-16 09:57:47,154 | INFO | [INFO] Processing Chunk 2
2026-05-16 09:57:47,154 | INFO | [INFO] Chunk Rows -> 100000
2026-05-16 09:57:48,475 | INFO | [SUCCESS] Chunk 2 inserted successfully
2026-05-16 09:57:48,692 | INFO | [INFO] Processing Chunk 3
2026-05-16 09:57:48,692 | INFO | [INFO] Chunk Rows -> 100000
2026-05-16 09:57:49,999 | INFO | [SUCCESS] Chunk 3 inserted successfully
2026-05-16 09:57:50,214 | INFO | [INFO] Processing Chunk 4
2026-05-16 09:57:50,214 | INFO | [INFO] Chunk Rows -> 100000
2026-05-16 09:57:51,525 | INFO | [SUCCESS] Chunk 4 inserted successfully
2026-05-16 09:57:51,740 | INFO | [INFO] Processing Chunk 5
2026-05-16 09:57:51,740 | INFO | [INFO] Chunk Rows -> 100000
2026-05-16 09:57:53,225 | INFO | [SUCCESS] Chunk 5 inserted successfully
2026-05-16 09:57:53,556 | INFO | [INFO] Processing Chunk 6
2026-05-16 09:57:53,556 | INFO | [INFO] Chunk Rows -> 100000
2026-05-16 09:57:55,157 | INFO | [SUCCESS] Chunk 6 inserted successfully
2026-05-16 09:57:55,447 | INFO | [INFO] Processing Chunk 7
2026-05-16 09:57:55,447 | INFO | [INFO] Chunk Rows -> 100000
2026-05-16 09:57:56,915 | INFO | [SUCCESS] Chunk 7 inserted successfully
2026-05-16 09:57:57,263 | INFO | [INFO] Processing Chunk 8
2026-05-16 09:57:57,263 | INFO | [INFO] Chunk Rows -> 100000
2026-05-16 09:57:58,933 | INFO | [SUCCESS] Chunk 8 inserted successfully
2026-05-16 09:57:59,231 | INFO | [INFO] Processing Chunk 9
2026-05-16 09:57:59,231 | INFO | [INFO] Chunk Rows -> 100000
2026-05-16 09:58:00,668 | INFO | [SUCCESS] Chunk 9 inserted successfully
2026-05-16 09:58:00,947 | INFO | [INFO] Processing Chunk 10
2026-05-16 09:58:00,948 | INFO | [INFO] Chunk Rows -> 100000
2026-05-16 09:58:03,392 | INFO | [SUCCESS] Chunk 10 inserted successfully
2026-05-16 09:58:03,775 | INFO | [INFO] Processing Chunk 11
2026-05-16 09:58:03,775 | INFO | [INFO] Chunk Rows -> 100000
2026-05-16 09:58:05,982 | INFO | [SUCCESS] Chunk 11 inserted successfully
2026-05-16 09:58:06,328 | INFO | [INFO] Processing Chunk 12
2026-05-16 09:58:06,329 | INFO | [INFO] Chunk Rows -> 100000
2026-05-16 09:58:08,384 | INFO | [SUCCESS] Chunk 12 inserted successfully
2026-05-16 09:58:08,801 | INFO | [INFO] Processing Chunk 13
2026-05-16 09:58:08,801 | INFO | [INFO] Chunk Rows -> 100000
2026-05-16 09:58:11,089 | INFO | [SUCCESS] Chunk 13 inserted successfully
2026-05-16 09:58:11,666 | INFO | [INFO] Processing Chunk 14
2026-05-16 09:58:11,667 | INFO | [INFO] Chunk Rows -> 100000
2026-05-16 09:58:13,339 | INFO | [SUCCESS] Chunk 14 inserted successfully
2026-05-16 09:58:13,639 | INFO | [INFO] Processing Chunk 15
2026-05-16 09:58:13,639 | INFO | [INFO] Chunk Rows -> 100000
2026-05-16 09:58:15,206 | INFO | [SUCCESS] Chunk 15 inserted successfully
2026-05-16 09:58:15,476 | INFO | [INFO] Processing Chunk 16
2026-05-16 09:58:15,476 | INFO | [INFO] Chunk Rows -> 100000
2026-05-16 09:58:16,990 | INFO | [SUCCESS] Chunk 16 inserted successfully
2026-05-16 09:58:17,361 | INFO | [INFO] Processing Chunk 17
2026-05-16 09:58:17,361 | INFO | [INFO] Chunk Rows -> 100000
2026-05-16 09:58:18,793 | INFO | [SUCCESS] Chunk 17 inserted successfully
2026-05-16 09:58:19,021 | INFO | [INFO] Processing Chunk 18
2026-05-16 09:58:19,021 | INFO | [INFO] Chunk Rows -> 100000
2026-05-16 09:58:20,406 | INFO | [SUCCESS] Chunk 18 inserted successfully
2026-05-16 09:58:20,635 | INFO | [INFO] Processing Chunk 19
2026-05-16 09:58:20,635 | INFO | [INFO] Chunk Rows -> 100000
2026-05-16 09:58:21,958 | INFO | [SUCCESS] Chunk 19 inserted successfully
2026-05-16 09:58:22,185 | INFO | [INFO] Processing Chunk 20
2026-05-16 09:58:22,185 | INFO | [INFO] Chunk Rows -> 100000
2026-05-16 09:58:23,599 | INFO | [SUCCESS] Chunk 20 inserted successfully
2026-05-16 09:58:23,919 | INFO | [INFO] Processing Chunk 21
2026-05-16 09:58:23,919 | INFO | [INFO] Chunk Rows -> 100000
2026-05-16 09:58:25,304 | INFO | [SUCCESS] Chunk 21 inserted successfully
2026-05-16 09:58:25,541 | INFO | [INFO] Processing Chunk 22
2026-05-16 09:58:25,541 | INFO | [INFO] Chunk Rows -> 100000
2026-05-16 09:58:26,905 | INFO | [SUCCESS] Chunk 22 inserted successfully
2026-05-16 09:58:27,143 | INFO | [INFO] Processing Chunk 23
2026-05-16 09:58:27,143 | INFO | [INFO] Chunk Rows -> 100000
2026-05-16 09:58:28,795 | INFO | [SUCCESS] Chunk 23 inserted successfully
2026-05-16 09:58:29,007 | INFO | [INFO] Processing Chunk 24
2026-05-16 09:58:29,007 | INFO | [INFO] Chunk Rows -> 72474
2026-05-16 09:58:30,129 | INFO | [SUCCESS] Chunk 24 inserted successfully
2026-05-16 09:58:30,130 | INFO | [SUCCESS] purchases ingestion completed
2026-05-16 09:58:30,131 | INFO | [INFO] Total Rows Processed -> 2372474
2026-05-16 09:58:30,131 | INFO | [INFO] Total Chunks -> 24
2026-05-16 09:58:30,131 | INFO | [INFO] Time Taken -> 0.75 minutes
2026-05-16 09:58:30,136 | INFO | [INFO] File 4/6
2026-05-16 09:58:30,136 | INFO | [INFO] Current File -> purchase_prices.csv
2026-05-16 09:58:30,136 | INFO | [INFO] File Size -> 0.00 GB
2026-05-16 09:58:30,137 | INFO | [INFO] Chunk processing started for purchase_prices
2026-05-16 09:58:30,182 | INFO | [INFO] Processing Chunk 1
2026-05-16 09:58:30,182 | INFO | [INFO] Chunk Rows -> 12261
2026-05-16 09:58:30,315 | INFO | [SUCCESS] Chunk 1 inserted successfully
2026-05-16 09:58:30,316 | INFO | [SUCCESS] purchase_prices ingestion completed
2026-05-16 09:58:30,316 | INFO | [INFO] Total Rows Processed -> 12261
2026-05-16 09:58:30,316 | INFO | [INFO] Total Chunks -> 1
2026-05-16 09:58:30,316 | INFO | [INFO] Time Taken -> 0.00 minutes
2026-05-16 09:58:30,318 | INFO | [INFO] File 5/6
2026-05-16 09:58:30,318 | INFO | [INFO] Current File -> sales.csv
2026-05-16 09:58:30,318 | INFO | [INFO] File Size -> 1.49 GB
2026-05-16 09:58:30,318 | INFO | [INFO] Chunk processing started for sales
2026-05-16 09:58:30,538 | INFO | [INFO] Processing Chunk 1
2026-05-16 09:58:30,538 | INFO | [INFO] Chunk Rows -> 100000
2026-05-16 09:58:32,349 | INFO | [SUCCESS] Chunk 1 inserted successfully
2026-05-16 09:58:32,611 | INFO | [INFO] Processing Chunk 2
2026-05-16 09:58:32,612 | INFO | [INFO] Chunk Rows -> 100000
2026-05-16 09:58:34,437 | INFO | [SUCCESS] Chunk 2 inserted successfully
2026-05-16 09:58:34,678 | INFO | [INFO] Processing Chunk 3
2026-05-16 09:58:34,678 | INFO | [INFO] Chunk Rows -> 100000
2026-05-16 09:58:36,625 | INFO | [SUCCESS] Chunk 3 inserted successfully
2026-05-16 09:58:36,953 | INFO | [INFO] Processing Chunk 4
2026-05-16 09:58:36,955 | INFO | [INFO] Chunk Rows -> 100000
2026-05-16 09:58:38,695 | INFO | [SUCCESS] Chunk 4 inserted successfully
2026-05-16 09:58:38,915 | INFO | [INFO] Processing Chunk 5
2026-05-16 09:58:38,916 | INFO | [INFO] Chunk Rows -> 100000
2026-05-16 09:58:40,579 | INFO | [SUCCESS] Chunk 5 inserted successfully
2026-05-16 09:58:40,836 | INFO | [INFO] Processing Chunk 6
2026-05-16 09:58:40,836 | INFO | [INFO] Chunk Rows -> 100000
2026-05-16 09:58:42,533 | INFO | [SUCCESS] Chunk 6 inserted successfully
2026-05-16 09:58:42,716 | INFO | [INFO] Processing Chunk 7
2026-05-16 09:58:42,717 | INFO | [INFO] Chunk Rows -> 100000
2026-05-16 09:58:44,004 | INFO | [SUCCESS] Chunk 7 inserted successfully
2026-05-16 09:58:44,177 | INFO | [INFO] Processing Chunk 8
2026-05-16 09:58:44,178 | INFO | [INFO] Chunk Rows -> 100000
2026-05-16 09:58:45,556 | INFO | [SUCCESS] Chunk 8 inserted successfully
2026-05-16 09:58:45,787 | INFO | [INFO] Processing Chunk 9
2026-05-16 09:58:45,787 | INFO | [INFO] Chunk Rows -> 100000
2026-05-16 09:58:47,319 | INFO | [SUCCESS] Chunk 9 inserted successfully
2026-05-16 09:58:47,498 | INFO | [INFO] Processing Chunk 10
2026-05-16 09:58:47,498 | INFO | [INFO] Chunk Rows -> 100000
2026-05-16 09:58:49,068 | INFO | [SUCCESS] Chunk 10 inserted successfully
2026-05-16 09:58:49,301 | INFO | [INFO] Processing Chunk 11
2026-05-16 09:58:49,301 | INFO | [INFO] Chunk Rows -> 100000
2026-05-16 09:58:50,967 | INFO | [SUCCESS] Chunk 11 inserted successfully
2026-05-16 09:58:51,203 | INFO | [INFO] Processing Chunk 12
2026-05-16 09:58:51,203 | INFO | [INFO] Chunk Rows -> 100000
2026-05-16 09:58:52,671 | INFO | [SUCCESS] Chunk 12 inserted successfully
2026-05-16 09:58:52,903 | INFO | [INFO] Processing Chunk 13
2026-05-16 09:58:52,904 | INFO | [INFO] Chunk Rows -> 100000
2026-05-16 09:58:54,337 | INFO | [SUCCESS] Chunk 13 inserted successfully
2026-05-16 09:58:54,552 | INFO | [INFO] Processing Chunk 14
2026-05-16 09:58:54,552 | INFO | [INFO] Chunk Rows -> 100000
2026-05-16 09:58:55,962 | INFO | [SUCCESS] Chunk 14 inserted successfully
2026-05-16 09:58:56,268 | INFO | [INFO] Processing Chunk 15
2026-05-16 09:58:56,269 | INFO | [INFO] Chunk Rows -> 100000
2026-05-16 09:58:57,645 | INFO | [SUCCESS] Chunk 15 inserted successfully
2026-05-16 09:58:57,820 | INFO | [INFO] Processing Chunk 16
2026-05-16 09:58:57,821 | INFO | [INFO] Chunk Rows -> 100000
2026-05-16 09:58:59,132 | INFO | [SUCCESS] Chunk 16 inserted successfully
2026-05-16 09:58:59,300 | INFO | [INFO] Processing Chunk 17
2026-05-16 09:58:59,301 | INFO | [INFO] Chunk Rows -> 100000
2026-05-16 09:59:00,628 | INFO | [SUCCESS] Chunk 17 inserted successfully
2026-05-16 09:59:00,806 | INFO | [INFO] Processing Chunk 18
2026-05-16 09:59:00,806 | INFO | [INFO] Chunk Rows -> 100000
2026-05-16 09:59:02,158 | INFO | [SUCCESS] Chunk 18 inserted successfully
2026-05-16 09:59:02,326 | INFO | [INFO] Processing Chunk 19
2026-05-16 09:59:02,326 | INFO | [INFO] Chunk Rows -> 100000
2026-05-16 09:59:03,913 | INFO | [SUCCESS] Chunk 19 inserted successfully
2026-05-16 09:59:04,135 | INFO | [INFO] Processing Chunk 20
2026-05-16 09:59:04,135 | INFO | [INFO] Chunk Rows -> 100000
2026-05-16 09:59:05,711 | INFO | [SUCCESS] Chunk 20 inserted successfully
2026-05-16 09:59:05,886 | INFO | [INFO] Processing Chunk 21
2026-05-16 09:59:05,886 | INFO | [INFO] Chunk Rows -> 100000
2026-05-16 09:59:07,456 | INFO | [SUCCESS] Chunk 21 inserted successfully
2026-05-16 09:59:07,646 | INFO | [INFO] Processing Chunk 22
2026-05-16 09:59:07,647 | INFO | [INFO] Chunk Rows -> 100000
2026-05-16 09:59:09,030 | INFO | [SUCCESS] Chunk 22 inserted successfully
2026-05-16 09:59:09,202 | INFO | [INFO] Processing Chunk 23
2026-05-16 09:59:09,203 | INFO | [INFO] Chunk Rows -> 100000
2026-05-16 09:59:10,692 | INFO | [SUCCESS] Chunk 23 inserted successfully
2026-05-16 09:59:10,915 | INFO | [INFO] Processing Chunk 24
2026-05-16 09:59:10,916 | INFO | [INFO] Chunk Rows -> 100000
2026-05-16 09:59:12,429 | INFO | [SUCCESS] Chunk 24 inserted successfully
2026-05-16 09:59:12,627 | INFO | [INFO] Processing Chunk 25
2026-05-16 09:59:12,628 | INFO | [INFO] Chunk Rows -> 100000
2026-05-16 09:59:13,958 | INFO | [SUCCESS] Chunk 25 inserted successfully
2026-05-16 09:59:14,141 | INFO | [INFO] Processing Chunk 26
2026-05-16 09:59:14,141 | INFO | [INFO] Chunk Rows -> 100000
2026-05-16 09:59:15,497 | INFO | [SUCCESS] Chunk 26 inserted successfully
2026-05-16 09:59:15,684 | INFO | [INFO] Processing Chunk 27
2026-05-16 09:59:15,684 | INFO | [INFO] Chunk Rows -> 100000
2026-05-16 09:59:17,031 | INFO | [SUCCESS] Chunk 27 inserted successfully
2026-05-16 09:59:17,261 | INFO | [INFO] Processing Chunk 28
2026-05-16 09:59:17,261 | INFO | [INFO] Chunk Rows -> 100000
2026-05-16 09:59:18,559 | INFO | [SUCCESS] Chunk 28 inserted successfully
2026-05-16 09:59:18,730 | INFO | [INFO] Processing Chunk 29
2026-05-16 09:59:18,730 | INFO | [INFO] Chunk Rows -> 100000
2026-05-16 09:59:20,013 | INFO | [SUCCESS] Chunk 29 inserted successfully
2026-05-16 09:59:20,180 | INFO | [INFO] Processing Chunk 30
2026-05-16 09:59:20,181 | INFO | [INFO] Chunk Rows -> 100000
2026-05-16 09:59:21,441 | INFO | [SUCCESS] Chunk 30 inserted successfully
2026-05-16 09:59:21,608 | INFO | [INFO] Processing Chunk 31
2026-05-16 09:59:21,609 | INFO | [INFO] Chunk Rows -> 100000
2026-05-16 09:59:22,969 | INFO | [SUCCESS] Chunk 31 inserted successfully
2026-05-16 09:59:23,138 | INFO | [INFO] Processing Chunk 32
2026-05-16 09:59:23,138 | INFO | [INFO] Chunk Rows -> 100000
2026-05-16 09:59:24,442 | INFO | [SUCCESS] Chunk 32 inserted successfully
2026-05-16 09:59:24,615 | INFO | [INFO] Processing Chunk 33
2026-05-16 09:59:24,615 | INFO | [INFO] Chunk Rows -> 100000
2026-05-16 09:59:25,902 | INFO | [SUCCESS] Chunk 33 inserted successfully
2026-05-16 09:59:26,070 | INFO | [INFO] Processing Chunk 34
2026-05-16 09:59:26,070 | INFO | [INFO] Chunk Rows -> 100000
2026-05-16 09:59:27,405 | INFO | [SUCCESS] Chunk 34 inserted successfully
2026-05-16 09:59:27,584 | INFO | [INFO] Processing Chunk 35
2026-05-16 09:59:27,584 | INFO | [INFO] Chunk Rows -> 100000
2026-05-16 09:59:28,873 | INFO | [SUCCESS] Chunk 35 inserted successfully
2026-05-16 09:59:29,039 | INFO | [INFO] Processing Chunk 36
2026-05-16 09:59:29,039 | INFO | [INFO] Chunk Rows -> 100000
2026-05-16 09:59:30,309 | INFO | [SUCCESS] Chunk 36 inserted successfully
2026-05-16 09:59:30,476 | INFO | [INFO] Processing Chunk 37
2026-05-16 09:59:30,476 | INFO | [INFO] Chunk Rows -> 100000
2026-05-16 09:59:31,731 | INFO | [SUCCESS] Chunk 37 inserted successfully
2026-05-16 09:59:31,898 | INFO | [INFO] Processing Chunk 38
2026-05-16 09:59:31,898 | INFO | [INFO] Chunk Rows -> 100000
2026-05-16 09:59:33,253 | INFO | [SUCCESS] Chunk 38 inserted successfully
2026-05-16 09:59:33,423 | INFO | [INFO] Processing Chunk 39
2026-05-16 09:59:33,423 | INFO | [INFO] Chunk Rows -> 100000
2026-05-16 09:59:34,728 | INFO | [SUCCESS] Chunk 39 inserted successfully
2026-05-16 09:59:34,891 | INFO | [INFO] Processing Chunk 40
2026-05-16 09:59:34,892 | INFO | [INFO] Chunk Rows -> 100000
2026-05-16 09:59:36,184 | INFO | [SUCCESS] Chunk 40 inserted successfully
2026-05-16 09:59:36,353 | INFO | [INFO] Processing Chunk 41
2026-05-16 09:59:36,354 | INFO | [INFO] Chunk Rows -> 100000
2026-05-16 09:59:37,673 | INFO | [SUCCESS] Chunk 41 inserted successfully
2026-05-16 09:59:37,844 | INFO | [INFO] Processing Chunk 42
2026-05-16 09:59:37,845 | INFO | [INFO] Chunk Rows -> 100000
2026-05-16 09:59:39,146 | INFO | [SUCCESS] Chunk 42 inserted successfully
2026-05-16 09:59:39,320 | INFO | [INFO] Processing Chunk 43
2026-05-16 09:59:39,321 | INFO | [INFO] Chunk Rows -> 100000
2026-05-16 09:59:40,602 | INFO | [SUCCESS] Chunk 43 inserted successfully
2026-05-16 09:59:40,776 | INFO | [INFO] Processing Chunk 44
2026-05-16 09:59:40,776 | INFO | [INFO] Chunk Rows -> 100000
2026-05-16 09:59:42,219 | INFO | [SUCCESS] Chunk 44 inserted successfully
2026-05-16 09:59:42,389 | INFO | [INFO] Processing Chunk 45
2026-05-16 09:59:42,389 | INFO | [INFO] Chunk Rows -> 100000
2026-05-16 09:59:43,719 | INFO | [SUCCESS] Chunk 45 inserted successfully
2026-05-16 09:59:43,891 | INFO | [INFO] Processing Chunk 46
2026-05-16 09:59:43,891 | INFO | [INFO] Chunk Rows -> 100000
2026-05-16 09:59:45,369 | INFO | [SUCCESS] Chunk 46 inserted successfully
2026-05-16 09:59:45,622 | INFO | [INFO] Processing Chunk 47
2026-05-16 09:59:45,622 | INFO | [INFO] Chunk Rows -> 100000
2026-05-16 09:59:47,326 | INFO | [SUCCESS] Chunk 47 inserted successfully
2026-05-16 09:59:47,500 | INFO | [INFO] Processing Chunk 48
2026-05-16 09:59:47,500 | INFO | [INFO] Chunk Rows -> 100000
2026-05-16 09:59:48,826 | INFO | [SUCCESS] Chunk 48 inserted successfully
2026-05-16 09:59:49,016 | INFO | [INFO] Processing Chunk 49
2026-05-16 09:59:49,016 | INFO | [INFO] Chunk Rows -> 100000
2026-05-16 09:59:50,487 | INFO | [SUCCESS] Chunk 49 inserted successfully
2026-05-16 09:59:50,663 | INFO | [INFO] Processing Chunk 50
2026-05-16 09:59:50,663 | INFO | [INFO] Chunk Rows -> 100000
2026-05-16 09:59:52,010 | INFO | [SUCCESS] Chunk 50 inserted successfully
2026-05-16 09:59:52,187 | INFO | [INFO] Processing Chunk 51
2026-05-16 09:59:52,188 | INFO | [INFO] Chunk Rows -> 100000
2026-05-16 09:59:53,586 | INFO | [SUCCESS] Chunk 51 inserted successfully
2026-05-16 09:59:53,754 | INFO | [INFO] Processing Chunk 52
2026-05-16 09:59:53,754 | INFO | [INFO] Chunk Rows -> 100000
2026-05-16 09:59:55,056 | INFO | [SUCCESS] Chunk 52 inserted successfully
2026-05-16 09:59:55,229 | INFO | [INFO] Processing Chunk 53
2026-05-16 09:59:55,230 | INFO | [INFO] Chunk Rows -> 100000
2026-05-16 09:59:56,490 | INFO | [SUCCESS] Chunk 53 inserted successfully
2026-05-16 09:59:56,659 | INFO | [INFO] Processing Chunk 54
2026-05-16 09:59:56,659 | INFO | [INFO] Chunk Rows -> 100000
2026-05-16 09:59:57,992 | INFO | [SUCCESS] Chunk 54 inserted successfully
2026-05-16 09:59:58,197 | INFO | [INFO] Processing Chunk 55
2026-05-16 09:59:58,198 | INFO | [INFO] Chunk Rows -> 100000
2026-05-16 09:59:59,488 | INFO | [SUCCESS] Chunk 55 inserted successfully
2026-05-16 09:59:59,656 | INFO | [INFO] Processing Chunk 56
2026-05-16 09:59:59,656 | INFO | [INFO] Chunk Rows -> 100000
2026-05-16 10:00:00,929 | INFO | [SUCCESS] Chunk 56 inserted successfully
2026-05-16 10:00:01,101 | INFO | [INFO] Processing Chunk 57
2026-05-16 10:00:01,101 | INFO | [INFO] Chunk Rows -> 100000
2026-05-16 10:00:02,428 | INFO | [SUCCESS] Chunk 57 inserted successfully
2026-05-16 10:00:02,625 | INFO | [INFO] Processing Chunk 58
2026-05-16 10:00:02,625 | INFO | [INFO] Chunk Rows -> 100000
2026-05-16 10:00:04,009 | INFO | [SUCCESS] Chunk 58 inserted successfully
2026-05-16 10:00:04,183 | INFO | [INFO] Processing Chunk 59
2026-05-16 10:00:04,184 | INFO | [INFO] Chunk Rows -> 100000
2026-05-16 10:00:05,423 | INFO | [SUCCESS] Chunk 59 inserted successfully
2026-05-16 10:00:05,591 | INFO | [INFO] Processing Chunk 60
2026-05-16 10:00:05,591 | INFO | [INFO] Chunk Rows -> 100000
2026-05-16 10:00:06,914 | INFO | [SUCCESS] Chunk 60 inserted successfully
2026-05-16 10:00:07,083 | INFO | [INFO] Processing Chunk 61
2026-05-16 10:00:07,084 | INFO | [INFO] Chunk Rows -> 100000
2026-05-16 10:00:08,516 | INFO | [SUCCESS] Chunk 61 inserted successfully
2026-05-16 10:00:08,708 | INFO | [INFO] Processing Chunk 62
2026-05-16 10:00:08,708 | INFO | [INFO] Chunk Rows -> 100000
2026-05-16 10:00:10,306 | INFO | [SUCCESS] Chunk 62 inserted successfully
2026-05-16 10:00:10,547 | INFO | [INFO] Processing Chunk 63
2026-05-16 10:00:10,547 | INFO | [INFO] Chunk Rows -> 100000
2026-05-16 10:00:12,147 | INFO | [SUCCESS] Chunk 63 inserted successfully
2026-05-16 10:00:12,348 | INFO | [INFO] Processing Chunk 64
2026-05-16 10:00:12,348 | INFO | [INFO] Chunk Rows -> 100000
2026-05-16 10:00:13,871 | INFO | [SUCCESS] Chunk 64 inserted successfully
2026-05-16 10:00:14,073 | INFO | [INFO] Processing Chunk 65
2026-05-16 10:00:14,073 | INFO | [INFO] Chunk Rows -> 100000
2026-05-16 10:00:15,411 | INFO | [SUCCESS] Chunk 65 inserted successfully
2026-05-16 10:00:15,585 | INFO | [INFO] Processing Chunk 66
2026-05-16 10:00:15,585 | INFO | [INFO] Chunk Rows -> 100000
2026-05-16 10:00:17,056 | INFO | [SUCCESS] Chunk 66 inserted successfully
2026-05-16 10:00:17,234 | INFO | [INFO] Processing Chunk 67
2026-05-16 10:00:17,234 | INFO | [INFO] Chunk Rows -> 100000
2026-05-16 10:00:18,524 | INFO | [SUCCESS] Chunk 67 inserted successfully
2026-05-16 10:00:18,704 | INFO | [INFO] Processing Chunk 68
2026-05-16 10:00:18,704 | INFO | [INFO] Chunk Rows -> 100000
2026-05-16 10:00:20,107 | INFO | [SUCCESS] Chunk 68 inserted successfully
2026-05-16 10:00:20,275 | INFO | [INFO] Processing Chunk 69
2026-05-16 10:00:20,275 | INFO | [INFO] Chunk Rows -> 100000
2026-05-16 10:00:21,506 | INFO | [SUCCESS] Chunk 69 inserted successfully
2026-05-16 10:00:21,674 | INFO | [INFO] Processing Chunk 70
2026-05-16 10:00:21,674 | INFO | [INFO] Chunk Rows -> 100000
2026-05-16 10:00:23,008 | INFO | [SUCCESS] Chunk 70 inserted successfully
2026-05-16 10:00:23,170 | INFO | [INFO] Processing Chunk 71
2026-05-16 10:00:23,170 | INFO | [INFO] Chunk Rows -> 100000
2026-05-16 10:00:24,443 | INFO | [SUCCESS] Chunk 71 inserted successfully
2026-05-16 10:00:24,610 | INFO | [INFO] Processing Chunk 72
2026-05-16 10:00:24,610 | INFO | [INFO] Chunk Rows -> 100000
2026-05-16 10:00:25,891 | INFO | [SUCCESS] Chunk 72 inserted successfully
2026-05-16 10:00:26,061 | INFO | [INFO] Processing Chunk 73
2026-05-16 10:00:26,061 | INFO | [INFO] Chunk Rows -> 100000
2026-05-16 10:00:27,334 | INFO | [SUCCESS] Chunk 73 inserted successfully
2026-05-16 10:00:27,507 | INFO | [INFO] Processing Chunk 74
2026-05-16 10:00:27,507 | INFO | [INFO] Chunk Rows -> 100000
2026-05-16 10:00:28,803 | INFO | [SUCCESS] Chunk 74 inserted successfully
2026-05-16 10:00:28,974 | INFO | [INFO] Processing Chunk 75
2026-05-16 10:00:28,974 | INFO | [INFO] Chunk Rows -> 100000
2026-05-16 10:00:30,305 | INFO | [SUCCESS] Chunk 75 inserted successfully
2026-05-16 10:00:30,473 | INFO | [INFO] Processing Chunk 76
2026-05-16 10:00:30,474 | INFO | [INFO] Chunk Rows -> 100000
2026-05-16 10:00:31,747 | INFO | [SUCCESS] Chunk 76 inserted successfully
2026-05-16 10:00:31,908 | INFO | [INFO] Processing Chunk 77
2026-05-16 10:00:31,908 | INFO | [INFO] Chunk Rows -> 100000
2026-05-16 10:00:33,197 | INFO | [SUCCESS] Chunk 77 inserted successfully
2026-05-16 10:00:33,368 | INFO | [INFO] Processing Chunk 78
2026-05-16 10:00:33,368 | INFO | [INFO] Chunk Rows -> 100000
2026-05-16 10:00:34,674 | INFO | [SUCCESS] Chunk 78 inserted successfully
2026-05-16 10:00:34,847 | INFO | [INFO] Processing Chunk 79
2026-05-16 10:00:34,847 | INFO | [INFO] Chunk Rows -> 100000
2026-05-16 10:00:36,382 | INFO | [SUCCESS] Chunk 79 inserted successfully
2026-05-16 10:00:36,555 | INFO | [INFO] Processing Chunk 80
2026-05-16 10:00:36,555 | INFO | [INFO] Chunk Rows -> 100000
2026-05-16 10:00:37,800 | INFO | [SUCCESS] Chunk 80 inserted successfully
2026-05-16 10:00:37,968 | INFO | [INFO] Processing Chunk 81
2026-05-16 10:00:37,968 | INFO | [INFO] Chunk Rows -> 100000
2026-05-16 10:00:39,256 | INFO | [SUCCESS] Chunk 81 inserted successfully
2026-05-16 10:00:39,424 | INFO | [INFO] Processing Chunk 82
2026-05-16 10:00:39,425 | INFO | [INFO] Chunk Rows -> 100000
2026-05-16 10:00:40,811 | INFO | [SUCCESS] Chunk 82 inserted successfully
2026-05-16 10:00:40,981 | INFO | [INFO] Processing Chunk 83
2026-05-16 10:00:40,981 | INFO | [INFO] Chunk Rows -> 100000
2026-05-16 10:00:42,565 | INFO | [SUCCESS] Chunk 83 inserted successfully
2026-05-16 10:00:42,736 | INFO | [INFO] Processing Chunk 84
2026-05-16 10:00:42,736 | INFO | [INFO] Chunk Rows -> 100000
2026-05-16 10:00:44,052 | INFO | [SUCCESS] Chunk 84 inserted successfully
2026-05-16 10:00:44,226 | INFO | [INFO] Processing Chunk 85
2026-05-16 10:00:44,226 | INFO | [INFO] Chunk Rows -> 100000
2026-05-16 10:00:45,676 | INFO | [SUCCESS] Chunk 85 inserted successfully
2026-05-16 10:00:45,845 | INFO | [INFO] Processing Chunk 86
2026-05-16 10:00:45,845 | INFO | [INFO] Chunk Rows -> 100000
2026-05-16 10:00:47,384 | INFO | [SUCCESS] Chunk 86 inserted successfully
2026-05-16 10:00:47,634 | INFO | [INFO] Processing Chunk 87
2026-05-16 10:00:47,634 | INFO | [INFO] Chunk Rows -> 100000
2026-05-16 10:00:49,322 | INFO | [SUCCESS] Chunk 87 inserted successfully
2026-05-16 10:00:49,572 | INFO | [INFO] Processing Chunk 88
2026-05-16 10:00:49,573 | INFO | [INFO] Chunk Rows -> 100000
2026-05-16 10:00:51,233 | INFO | [SUCCESS] Chunk 88 inserted successfully
2026-05-16 10:00:51,408 | INFO | [INFO] Processing Chunk 89
2026-05-16 10:00:51,409 | INFO | [INFO] Chunk Rows -> 100000
2026-05-16 10:00:52,738 | INFO | [SUCCESS] Chunk 89 inserted successfully
2026-05-16 10:00:52,918 | INFO | [INFO] Processing Chunk 90
2026-05-16 10:00:52,919 | INFO | [INFO] Chunk Rows -> 100000
2026-05-16 10:00:54,371 | INFO | [SUCCESS] Chunk 90 inserted successfully
2026-05-16 10:00:54,563 | INFO | [INFO] Processing Chunk 91
2026-05-16 10:00:54,564 | INFO | [INFO] Chunk Rows -> 100000
2026-05-16 10:00:56,167 | INFO | [SUCCESS] Chunk 91 inserted successfully
2026-05-16 10:00:56,408 | INFO | [INFO] Processing Chunk 92
2026-05-16 10:00:56,408 | INFO | [INFO] Chunk Rows -> 100000
2026-05-16 10:00:57,864 | INFO | [SUCCESS] Chunk 92 inserted successfully
2026-05-16 10:00:58,040 | INFO | [INFO] Processing Chunk 93
2026-05-16 10:00:58,040 | INFO | [INFO] Chunk Rows -> 100000
2026-05-16 10:00:59,446 | INFO | [SUCCESS] Chunk 93 inserted successfully
2026-05-16 10:00:59,608 | INFO | [INFO] Processing Chunk 94
2026-05-16 10:00:59,608 | INFO | [INFO] Chunk Rows -> 100000
2026-05-16 10:01:00,912 | INFO | [SUCCESS] Chunk 94 inserted successfully
2026-05-16 10:01:01,098 | INFO | [INFO] Processing Chunk 95
2026-05-16 10:01:01,098 | INFO | [INFO] Chunk Rows -> 100000
2026-05-16 10:01:02,807 | INFO | [SUCCESS] Chunk 95 inserted successfully
2026-05-16 10:01:03,013 | INFO | [INFO] Processing Chunk 96
2026-05-16 10:01:03,013 | INFO | [INFO] Chunk Rows -> 100000
2026-05-16 10:01:04,393 | INFO | [SUCCESS] Chunk 96 inserted successfully
2026-05-16 10:01:04,602 | INFO | [INFO] Processing Chunk 97
2026-05-16 10:01:04,602 | INFO | [INFO] Chunk Rows -> 100000
2026-05-16 10:01:06,045 | INFO | [SUCCESS] Chunk 97 inserted successfully
2026-05-16 10:01:06,227 | INFO | [INFO] Processing Chunk 98
2026-05-16 10:01:06,227 | INFO | [INFO] Chunk Rows -> 100000
2026-05-16 10:01:07,850 | INFO | [SUCCESS] Chunk 98 inserted successfully
2026-05-16 10:01:08,059 | INFO | [INFO] Processing Chunk 99
2026-05-16 10:01:08,059 | INFO | [INFO] Chunk Rows -> 100000
2026-05-16 10:01:09,971 | INFO | [SUCCESS] Chunk 99 inserted successfully
2026-05-16 10:01:10,261 | INFO | [INFO] Processing Chunk 100
2026-05-16 10:01:10,261 | INFO | [INFO] Chunk Rows -> 100000
2026-05-16 10:01:11,849 | INFO | [SUCCESS] Chunk 100 inserted successfully
2026-05-16 10:01:12,044 | INFO | [INFO] Processing Chunk 101
2026-05-16 10:01:12,044 | INFO | [INFO] Chunk Rows -> 100000
2026-05-16 10:01:13,518 | INFO | [SUCCESS] Chunk 101 inserted successfully
2026-05-16 10:01:13,710 | INFO | [INFO] Processing Chunk 102
2026-05-16 10:01:13,710 | INFO | [INFO] Chunk Rows -> 100000
2026-05-16 10:01:15,229 | INFO | [SUCCESS] Chunk 102 inserted successfully
2026-05-16 10:01:15,401 | INFO | [INFO] Processing Chunk 103
2026-05-16 10:01:15,401 | INFO | [INFO] Chunk Rows -> 100000
2026-05-16 10:01:17,029 | INFO | [SUCCESS] Chunk 103 inserted successfully
2026-05-16 10:01:17,260 | INFO | [INFO] Processing Chunk 104
2026-05-16 10:01:17,261 | INFO | [INFO] Chunk Rows -> 100000
2026-05-16 10:01:18,852 | INFO | [SUCCESS] Chunk 104 inserted successfully
2026-05-16 10:01:19,025 | INFO | [INFO] Processing Chunk 105
2026-05-16 10:01:19,026 | INFO | [INFO] Chunk Rows -> 100000
2026-05-16 10:01:20,543 | INFO | [SUCCESS] Chunk 105 inserted successfully
2026-05-16 10:01:20,721 | INFO | [INFO] Processing Chunk 106
2026-05-16 10:01:20,722 | INFO | [INFO] Chunk Rows -> 100000
2026-05-16 10:01:22,060 | INFO | [SUCCESS] Chunk 106 inserted successfully
2026-05-16 10:01:22,272 | INFO | [INFO] Processing Chunk 107
2026-05-16 10:01:22,272 | INFO | [INFO] Chunk Rows -> 100000
2026-05-16 10:01:23,964 | INFO | [SUCCESS] Chunk 107 inserted successfully
2026-05-16 10:01:24,150 | INFO | [INFO] Processing Chunk 108
2026-05-16 10:01:24,151 | INFO | [INFO] Chunk Rows -> 100000
2026-05-16 10:01:25,572 | INFO | [SUCCESS] Chunk 108 inserted successfully
2026-05-16 10:01:25,751 | INFO | [INFO] Processing Chunk 109
2026-05-16 10:01:25,751 | INFO | [INFO] Chunk Rows -> 100000
2026-05-16 10:01:27,139 | INFO | [SUCCESS] Chunk 109 inserted successfully
2026-05-16 10:01:27,320 | INFO | [INFO] Processing Chunk 110
2026-05-16 10:01:27,320 | INFO | [INFO] Chunk Rows -> 100000
2026-05-16 10:01:28,733 | INFO | [SUCCESS] Chunk 110 inserted successfully
2026-05-16 10:01:28,946 | INFO | [INFO] Processing Chunk 111
2026-05-16 10:01:28,947 | INFO | [INFO] Chunk Rows -> 100000
2026-05-16 10:01:30,788 | INFO | [SUCCESS] Chunk 111 inserted successfully
2026-05-16 10:01:30,983 | INFO | [INFO] Processing Chunk 112
2026-05-16 10:01:30,983 | INFO | [INFO] Chunk Rows -> 100000
2026-05-16 10:01:32,417 | INFO | [SUCCESS] Chunk 112 inserted successfully
2026-05-16 10:01:32,601 | INFO | [INFO] Processing Chunk 113
2026-05-16 10:01:32,601 | INFO | [INFO] Chunk Rows -> 100000
2026-05-16 10:01:34,618 | INFO | [SUCCESS] Chunk 113 inserted successfully
2026-05-16 10:01:34,885 | INFO | [INFO] Processing Chunk 114
2026-05-16 10:01:34,886 | INFO | [INFO] Chunk Rows -> 100000
2026-05-16 10:01:37,194 | INFO | [SUCCESS] Chunk 114 inserted successfully
2026-05-16 10:01:37,523 | INFO | [INFO] Processing Chunk 115
2026-05-16 10:01:37,524 | INFO | [INFO] Chunk Rows -> 100000
2026-05-16 10:01:39,530 | INFO | [SUCCESS] Chunk 115 inserted successfully
2026-05-16 10:01:39,801 | INFO | [INFO] Processing Chunk 116
2026-05-16 10:01:39,802 | INFO | [INFO] Chunk Rows -> 100000
2026-05-16 10:01:41,561 | INFO | [SUCCESS] Chunk 116 inserted successfully
2026-05-16 10:01:41,760 | INFO | [INFO] Processing Chunk 117
2026-05-16 10:01:41,761 | INFO | [INFO] Chunk Rows -> 100000
2026-05-16 10:01:43,264 | INFO | [SUCCESS] Chunk 117 inserted successfully
2026-05-16 10:01:43,462 | INFO | [INFO] Processing Chunk 118
2026-05-16 10:01:43,463 | INFO | [INFO] Chunk Rows -> 100000
2026-05-16 10:01:45,136 | INFO | [SUCCESS] Chunk 118 inserted successfully
2026-05-16 10:01:45,359 | INFO | [INFO] Processing Chunk 119
2026-05-16 10:01:45,360 | INFO | [INFO] Chunk Rows -> 100000
2026-05-16 10:01:46,680 | INFO | [SUCCESS] Chunk 119 inserted successfully
2026-05-16 10:01:46,851 | INFO | [INFO] Processing Chunk 120
2026-05-16 10:01:46,852 | INFO | [INFO] Chunk Rows -> 100000
2026-05-16 10:01:48,297 | INFO | [SUCCESS] Chunk 120 inserted successfully
2026-05-16 10:01:48,464 | INFO | [INFO] Processing Chunk 121
2026-05-16 10:01:48,464 | INFO | [INFO] Chunk Rows -> 100000
2026-05-16 10:01:49,868 | INFO | [SUCCESS] Chunk 121 inserted successfully
2026-05-16 10:01:50,039 | INFO | [INFO] Processing Chunk 122
2026-05-16 10:01:50,039 | INFO | [INFO] Chunk Rows -> 100000
2026-05-16 10:01:51,416 | INFO | [SUCCESS] Chunk 122 inserted successfully
2026-05-16 10:01:51,593 | INFO | [INFO] Processing Chunk 123
2026-05-16 10:01:51,594 | INFO | [INFO] Chunk Rows -> 100000
2026-05-16 10:01:52,909 | INFO | [SUCCESS] Chunk 123 inserted successfully
2026-05-16 10:01:53,091 | INFO | [INFO] Processing Chunk 124
2026-05-16 10:01:53,091 | INFO | [INFO] Chunk Rows -> 100000
2026-05-16 10:01:54,447 | INFO | [SUCCESS] Chunk 124 inserted successfully
2026-05-16 10:01:54,621 | INFO | [INFO] Processing Chunk 125
2026-05-16 10:01:54,621 | INFO | [INFO] Chunk Rows -> 100000
2026-05-16 10:01:55,938 | INFO | [SUCCESS] Chunk 125 inserted successfully
2026-05-16 10:01:56,108 | INFO | [INFO] Processing Chunk 126
2026-05-16 10:01:56,109 | INFO | [INFO] Chunk Rows -> 100000
2026-05-16 10:01:57,642 | INFO | [SUCCESS] Chunk 126 inserted successfully
2026-05-16 10:01:57,837 | INFO | [INFO] Processing Chunk 127
2026-05-16 10:01:57,838 | INFO | [INFO] Chunk Rows -> 100000
2026-05-16 10:01:59,205 | INFO | [SUCCESS] Chunk 127 inserted successfully
2026-05-16 10:01:59,614 | INFO | [INFO] Processing Chunk 128
2026-05-16 10:01:59,614 | INFO | [INFO] Chunk Rows -> 100000
2026-05-16 10:02:01,210 | INFO | [SUCCESS] Chunk 128 inserted successfully
2026-05-16 10:02:01,298 | INFO | [INFO] Processing Chunk 129
2026-05-16 10:02:01,299 | INFO | [INFO] Chunk Rows -> 25363
2026-05-16 10:02:01,737 | INFO | [SUCCESS] Chunk 129 inserted successfully
2026-05-16 10:02:01,738 | INFO | [SUCCESS] sales ingestion completed
2026-05-16 10:02:01,739 | INFO | [INFO] Total Rows Processed -> 12825363
2026-05-16 10:02:01,739 | INFO | [INFO] Total Chunks -> 129
2026-05-16 10:02:01,739 | INFO | [INFO] Time Taken -> 3.52 minutes
2026-05-16 10:02:01,743 | INFO | [INFO] File 6/6
2026-05-16 10:02:01,743 | INFO | [INFO] Current File -> vendor_invoice.csv
2026-05-16 10:02:01,744 | INFO | [INFO] File Size -> 0.00 GB
2026-05-16 10:02:01,745 | INFO | [INFO] Chunk processing started for vendor_invoice
2026-05-16 10:02:01,838 | INFO | [INFO] Processing Chunk 1
2026-05-16 10:02:01,838 | INFO | [INFO] Chunk Rows -> 5543
2026-05-16 10:02:01,924 | INFO | [SUCCESS] Chunk 1 inserted successfully
2026-05-16 10:02:01,925 | INFO | [SUCCESS] vendor_invoice ingestion completed
2026-05-16 10:02:01,926 | INFO | [INFO] Total Rows Processed -> 5543
2026-05-16 10:02:01,926 | INFO | [INFO] Total Chunks -> 1
2026-05-16 10:02:01,927 | INFO | [INFO] Time Taken -> 0.00 minutes
2026-05-16 10:02:01,927 | INFO | [SUCCESS] FULL INGESTION COMPLETED in 4.35 minutes
2026-05-16 10:02:01,928 | INFO | [SUCCESS] PIPELINE FINISHED in 4.35 minutes
